<?xml version="1.0" encoding="UTF-8"?>
<testsuite xmlns:xsi="http://www.w3.org/2001/XMLSchema-instance" xsi:noNamespaceSchemaLocation="https://maven.apache.org/surefire/maven-surefire-plugin/xsd/surefire-test-report-3.0.xsd" version="3.0" name="com.example.backend.BackendApplicationTests" time="2.87" tests="1" errors="0" skipped="0" failures="0">
  <properties>
[...]
</properties>
  <testcase name="contextLoads" classname="com.example.backend.BackendApplicationTests" time="0.322">
    <system-out><![CDATA[22:24:37.617 [main] INFO org.springframework.test.context.support.AnnotationConfigContextLoaderUtils -- Could not detect default configuration classes for test class [com.example.backend.BackendApplicationTests]: BackendApplicationTests does not declare any static, non-private, non-final, nested classes annotated with @Configuration.
22:24:37.664 [main] INFO org.springframework.boot.test.context.SpringBootTestContextBootstrapper -- Found @SpringBootConfiguration com.example.backend.BackendApplication for test class com.example.backend.BackendApplicationTests
22:24:37.732 [main] INFO org.springframework.boot.devtools.restart.RestartApplicationListener -- Restart disabled due to context in which it is running
2024-01-27T22:24:37.872+01:00  INFO 69665 --- [springboot] [           main] c.e.backend.BackendApplicationTests      : Starting BackendApplicationTests using Java 17.0.9 with PID 69665 (started by davidm.alrefai in /Users/davidm.alrefai/Desktop/blogproject/backend)
2024-01-27T22:24:37.873+01:00  INFO 69665 --- [springboot] [           main] c.e.backend.BackendApplicationTests      : No active profile set, falling back to 1 default profile: "default"
2024-01-27T22:24:38.285+01:00  INFO 69665 --- [springboot] [           main] .s.d.r.c.RepositoryConfigurationDelegate : Bootstrapping Spring Data JPA repositories in DEFAULT mode.
2024-01-27T22:24:38.321+01:00  INFO 69665 --- [springboot] [           main] .s.d.r.c.RepositoryConfigurationDelegate : Finished Spring Data repository scanning in 31 ms. Found 6 JPA repository interfaces.
2024-01-27T22:24:38.559+01:00  INFO 69665 --- [springboot] [           main] o.hibernate.jpa.internal.util.LogHelper  : HHH000204: Processing PersistenceUnitInfo [name: default]
2024-01-27T22:24:38.586+01:00  INFO 69665 --- [springboot] [           main] org.hibernate.Version                    : HHH000412: Hibernate ORM core version 6.4.1.Final
2024-01-27T22:24:38.602+01:00  INFO 69665 --- [springboot] [           main] o.h.c.internal.RegionFactoryInitiator    : HHH000026: Second-level cache disabled
2024-01-27T22:24:38.716+01:00  INFO 69665 --- [springboot] [           main] o.s.o.j.p.SpringPersistenceUnitInfo      : No LoadTimeWeaver setup: ignoring JPA class transformer
2024-01-27T22:24:38.731+01:00  INFO 69665 --- [springboot] [           main] com.zaxxer.hikari.HikariDataSource       : HikariPool-1 - Starting...
2024-01-27T22:24:38.895+01:00  INFO 69665 --- [springboot] [           main] com.zaxxer.hikari.pool.HikariPool        : HikariPool-1 - Added connection org.sqlite.jdbc4.JDBC4Connection@57e4b86c
2024-01-27T22:24:38.896+01:00  INFO 69665 --- [springboot] [           main] com.zaxxer.hikari.HikariDataSource       : HikariPool-1 - Start completed.
2024-01-27T22:24:39.379+01:00  INFO 69665 --- [springboot] [           main] o.h.e.t.j.p.i.JtaPlatformInitiator       : HHH000489: No JTA platform available (set 'hibernate.transaction.jta.platform' to enable JTA platform integration)
2024-01-27T22:24:39.393+01:00  INFO 69665 --- [springboot] [           main] j.LocalContainerEntityManagerFactoryBean : Initialized JPA EntityManagerFactory for persistence unit 'default'
2024-01-27T22:24:39.515+01:00  INFO 69665 --- [springboot] [           main] o.s.d.j.r.query.QueryEnhancerFactory     : Hibernate is in classpath; If applicable, HQL parser will be used.
2024-01-27T22:24:39.686+01:00  WARN 69665 --- [springboot] [           main] JpaBaseConfiguration$JpaWebConfiguration : spring.jpa.open-in-view is enabled by default. Therefore, database queries may be performed during view rendering. Explicitly configure spring.jpa.open-in-view to disable this warning
2024-01-27T22:24:39.768+01:00 TRACE 69665 --- [springboot] [           main] eGlobalAuthenticationAutowiredConfigurer : Eagerly initializing {securityConfig=com.example.backend.config.SecurityConfig$$SpringCGLIB$$0@17796f47}
2024-01-27T22:24:39.929+01:00  INFO 69665 --- [springboot] [           main] o.s.s.web.DefaultSecurityFilterChain     : Will secure any request with [org.springframework.security.web.session.DisableEncodeUrlFilter@2a10a99b, org.springframework.security.web.context.request.async.WebAsyncManagerIntegrationFilter@51617b93, org.springframework.security.web.context.SecurityContextHolderFilter@7a174e4b, org.springframework.security.web.header.HeaderWriterFilter@3b5f72fa, org.springframework.web.filter.CorsFilter@23471f48, org.springframework.security.web.csrf.CsrfFilter@34438b38, org.springframework.security.web.authentication.logout.LogoutFilter@181a6784, com.example.backend.jwtUtility.JwtAuthenticationFilter@33ccab9c, org.springframework.security.web.authentication.www.BasicAuthenticationFilter@4ca6f587, org.springframework.security.web.savedrequest.RequestCacheAwareFilter@46a5aff, org.springframework.security.web.servletapi.SecurityContextHolderAwareRequestFilter@695f382c, org.springframework.security.web.authentication.AnonymousAuthenticationFilter@2898cd46, org.springframework.security.web.session.SessionManagementFilter@4e09c3b0, org.springframework.security.web.access.ExceptionTranslationFilter@375f276e, org.springframework.security.web.access.intercept.AuthorizationFilter@745c25ed]
2024-01-27T22:24:40.076+01:00  INFO 69665 --- [springboot] [           main] c.e.backend.BackendApplicationTests      : Started BackendApplicationTests in 2.349 seconds (process running for 2.786)
]]></system-out>
  </testcase>
</testsuite>